<?xml version="1.0" encoding="UTF-8"?>
<!-- Generated by org.testng.reporters.JUnitReportReporter -->
<testsuite hostname="student6" name="com.peterservice.autopay.listener.ConsumeListenerTest" tests="4" failures="0" timestamp="6 Apr 2016 13:27:49 GMT" time="0.476" errors="0">
  <testcase name="test2" time="0.084" classname="com.peterservice.autopay.listener.ConsumeListenerTest"/>
  <testcase name="rabbitMQConnectionTest" time="0.002" classname="com.peterservice.autopay.listener.ConsumeListenerTest"/>
  <testcase name="test1" time="0.142" classname="com.peterservice.autopay.listener.ConsumeListenerTest"/>
  <testcase name="test3" time="0.248" classname="com.peterservice.autopay.listener.ConsumeListenerTest"/>
</testsuite> <!-- com.peterservice.autopay.listener.ConsumeListenerTest -->
