<?xml version="1.0" encoding="UTF-8"?>
<!-- Generated by org.testng.reporters.JUnitReportReporter -->
<testsuite hostname="student6" name="com.peterservice.autopay.controllers.RestAutoPayControllerTest" tests="3" failures="0" timestamp="6 Apr 2016 13:28:54 GMT" time="60.403" errors="0">
  <testcase name="securitySuccessTest" time="60.115" classname="com.peterservice.autopay.controllers.RestAutoPayControllerTest"/>
  <testcase name="securityFailureTest" time="0.071" classname="com.peterservice.autopay.controllers.RestAutoPayControllerTest"/>
  <testcase name="rabbitMQNotAvailable" time="0.217" classname="com.peterservice.autopay.controllers.RestAutoPayControllerTest"/>
</testsuite> <!-- com.peterservice.autopay.controllers.RestAutoPayControllerTest -->
